{
  "RSpec": {
    "coverage": {
      "/home/ogichan/environment/hoiku-qanda/app/helpers/answer_replies_helper.rb": [
        1,
        null
      ],
      "/home/ogichan/environment/hoiku-qanda/app/helpers/answers_helper.rb": [
        1,
        null
      ],
      "/home/ogichan/environment/hoiku-qanda/app/helpers/application_helper.rb": [
        1,
        1,
        153,
        null,
        null,
        1,
        143,
        null,
        null,
        1,
        60,
        0,
        null,
        null,
        null,
        null,
        null,
        null,
        1,
        7,
        7,
        0,
        0,
        null,
        7,
        7,
        0,
        null,
        null,
        null
      ],
      "/home/ogichan/environment/hoiku-qanda/app/helpers/pages_helper.rb": [
        1,
        null
      ],
      "/home/ogichan/environment/hoiku-qanda/app/helpers/questions_helper.rb": [
        1,
        null
      ],
      "/home/ogichan/environment/hoiku-qanda/app/helpers/sessions_helper.rb": [
        1,
        null
      ],
      "/home/ogichan/environment/hoiku-qanda/app/helpers/users_helper.rb": [
        1,
        null
      ],
      "/home/ogichan/environment/hoiku-qanda/app/models/user.rb": [
        1,
        1,
        null,
        1,
        1,
        null,
        1,
        1,
        null,
        1,
        1,
        null
      ],
      "/home/ogichan/environment/hoiku-qanda/app/models/application_record.rb": [
        1,
        1,
        null
      ],
      "/home/ogichan/environment/hoiku-qanda/app/models/question.rb": [
        1,
        null,
        null,
        1,
        1,
        1,
        null,
        1,
        1,
        1,
        1,
        null,
        1,
        1,
        1,
        1,
        null
      ],
      "/home/ogichan/environment/hoiku-qanda/app/controllers/sessions_controller.rb": [
        1,
        1,
        null,
        null,
        1,
        null,
        23,
        23,
        22,
        22,
        null,
        1,
        1,
        null,
        null,
        null,
        1,
        1,
        1,
        null,
        null,
        1,
        1,
        22,
        null,
        null,
        1,
        1,
        1,
        null,
        null,
        1,
        23,
        null,
        null,
        1,
        22,
        null,
        null
      ],
      "/home/ogichan/environment/hoiku-qanda/app/controllers/application_controller.rb": [
        1,
        1,
        1,
        null,
        1,
        null,
        1,
        null
      ],
      "/home/ogichan/environment/hoiku-qanda/app/controllers/users_controller.rb": [
        1,
        null,
        null,
        1,
        null,
        null,
        null,
        null,
        1,
        null,
        1,
        null,
        null,
        1,
        1,
        null,
        null,
        null,
        1,
        1,
        1,
        null,
        1,
        1,
        0,
        0,
        null,
        1,
        1,
        null,
        0,
        0,
        null,
        null,
        null,
        null,
        null,
        1,
        4,
        4,
        0,
        null,
        null,
        null,
        null,
        null,
        1,
        2,
        2,
        0,
        null,
        null,
        null,
        2,
        null,
        0,
        0,
        null,
        0,
        null,
        null,
        2,
        1,
        null,
        1,
        null,
        null,
        null,
        null,
        null,
        1,
        null,
        27,
        27,
        null,
        27,
        16,
        16,
        14,
        null,
        null,
        null,
        null,
        null,
        1,
        0,
        0,
        0,
        null,
        null,
        null,
        null,
        null,
        1,
        1,
        null,
        null,
        null,
        1,
        null,
        1,
        null,
        null,
        null,
        null,
        null,
        null,
        1,
        null,
        0,
        0,
        0,
        null,
        0,
        null,
        0,
        null,
        null,
        0,
        0,
        null,
        0,
        null,
        null,
        1,
        0,
        null,
        1,
        1,
        1,
        1,
        1,
        null,
        0,
        null,
        null,
        null,
        null,
        null,
        1,
        3,
        null,
        null,
        1,
        1,
        1,
        null,
        null,
        1,
        2,
        null,
        null,
        1,
        0,
        null,
        null,
        1,
        7,
        null,
        null,
        1,
        1,
        1,
        1,
        1,
        null,
        null
      ],
      "/home/ogichan/environment/hoiku-qanda/app/controllers/answers_controller.rb": [
        1,
        1,
        null,
        1,
        1,
        1,
        0,
        null,
        1,
        null,
        null,
        1,
        1,
        1,
        1,
        1,
        1,
        null,
        null,
        0,
        null,
        null,
        null,
        null,
        1,
        0,
        0,
        null,
        null,
        1,
        0,
        null,
        0,
        0,
        null,
        0,
        0,
        0,
        null,
        null,
        0,
        null,
        null,
        null,
        0,
        null,
        null,
        null,
        null,
        1,
        0,
        null,
        0,
        0,
        0,
        null,
        0,
        0,
        0,
        null,
        null,
        0,
        null,
        null,
        null,
        0,
        null,
        null,
        null,
        null,
        1,
        1,
        1,
        null,
        null
      ],
      "/home/ogichan/environment/hoiku-qanda/app/models/answer.rb": [
        1,
        1,
        1,
        1,
        1,
        null,
        1,
        1,
        1,
        null
      ],
      "/home/ogichan/environment/hoiku-qanda/app/controllers/questions_controller.rb": [
        1,
        1,
        null,
        1,
        null,
        null,
        1,
        2,
        null,
        null,
        null,
        1,
        2,
        2,
        2,
        1,
        null,
        1,
        1,
        null,
        null,
        null,
        null,
        1,
        6,
        1,
        null,
        null,
        null,
        null,
        1,
        1,
        6,
        null,
        null,
        1,
        null,
        5,
        null,
        0,
        null,
        null,
        5,
        null,
        null,
        null,
        null,
        null,
        1,
        null,
        1,
        1,
        0,
        null,
        null,
        1,
        null,
        0,
        null,
        null,
        null,
        1,
        null,
        null,
        null,
        null,
        null,
        null,
        1,
        4,
        4,
        0,
        null,
        null,
        null,
        null,
        4,
        3,
        3,
        3,
        null,
        null,
        null,
        null,
        4,
        4,
        4,
        null,
        null,
        null,
        0,
        null,
        0,
        null,
        null,
        null,
        null,
        null,
        null,
        1,
        4,
        4,
        0,
        null,
        null,
        null,
        4,
        null,
        null,
        null,
        null,
        1,
        2,
        2,
        0,
        null,
        null,
        null,
        2,
        2,
        1,
        null,
        1,
        null,
        null,
        null,
        0,
        null,
        null,
        null,
        null,
        null,
        1,
        1,
        null,
        null,
        null,
        1,
        1,
        1,
        1,
        1,
        1,
        1,
        null,
        1,
        1,
        1,
        null,
        0,
        null,
        null,
        null,
        0,
        null,
        null,
        null,
        null,
        1,
        null,
        1,
        2,
        null,
        null,
        null,
        1,
        2,
        null,
        null,
        null,
        1,
        12,
        null,
        null
      ],
      "/home/ogichan/environment/hoiku-qanda/app/models/answer_reply.rb": [
        1,
        1,
        1,
        1,
        null,
        1,
        null
      ],
      "/home/ogichan/environment/hoiku-qanda/app/controllers/pages_controller.rb": [
        1,
        1,
        null,
        null,
        1,
        null,
        null,
        1,
        null,
        null
      ],
      "/home/ogichan/environment/hoiku-qanda/app/channels/application_cable/connection.rb": [
        0,
        0,
        0,
        0
      ],
      "/home/ogichan/environment/hoiku-qanda/app/channels/application_cable/channel.rb": [
        0,
        0,
        0,
        0
      ],
      "/home/ogichan/environment/hoiku-qanda/app/controllers/answer_replies_controller.rb": [
        0,
        0,
        null,
        null,
        0,
        0,
        0,
        0,
        null,
        null,
        0,
        0,
        null,
        0,
        0,
        0,
        0,
        0,
        0,
        0,
        0,
        0,
        null,
        null,
        0,
        0,
        null,
        0,
        0,
        null,
        0,
        0,
        0,
        0,
        0,
        0,
        0,
        0,
        0,
        0,
        0,
        0,
        0,
        0,
        null,
        0,
        null,
        0,
        0,
        0,
        0
      ],
      "/home/ogichan/environment/hoiku-qanda/app/jobs/application_job.rb": [
        0,
        0
      ],
      "/home/ogichan/environment/hoiku-qanda/app/mailers/application_mailer.rb": [
        0,
        0,
        0,
        0
      ]
    },
    "timestamp": 1575097201
  }
}
